2018-11-30 19:34:40.623  INFO 100100 --- [main] com.telezone.InfoInterfaceApplication    : Starting InfoInterfaceApplication on DESKTOP-JVAM1LN with PID 100100 (D:\ideaWorkspace\InfoInterface\target\classes started by forest in D:\ideaWorkspace\InfoInterface)
2018-11-30 19:34:40.654  INFO 100100 --- [main] com.telezone.InfoInterfaceApplication    : No active profile set, falling back to default profiles: default
2018-11-30 19:34:40.927  INFO 100100 --- [main] ationConfigEmbeddedWebApplicationContext : Refreshing org.springframework.boot.context.embedded.AnnotationConfigEmbeddedWebApplicationContext@2c34f934: startup date [Fri Nov 30 19:34:40 CST 2018]; root of context hierarchy
2018-11-30 19:34:45.698  INFO 100100 --- [main] s.b.c.e.t.TomcatEmbeddedServletContainer : Tomcat initialized with port(s): 8099 (http)
2018-11-30 19:34:45.728  INFO 100100 --- [main] o.apache.catalina.core.StandardService   : Starting service [Tomcat]
2018-11-30 19:34:45.730  INFO 100100 --- [main] org.apache.catalina.core.StandardEngine  : Starting Servlet Engine: Apache Tomcat/8.5.23
2018-11-30 19:34:46.185  INFO 100100 --- [localhost-startStop-1] o.a.c.c.C.[Tomcat].[localhost].[/]       : Initializing Spring embedded WebApplicationContext
2018-11-30 19:34:46.186  INFO 100100 --- [localhost-startStop-1] o.s.web.context.ContextLoader            : Root WebApplicationContext: initialization completed in 5282 ms
2018-11-30 19:34:46.519  INFO 100100 --- [localhost-startStop-1] o.s.b.w.servlet.ServletRegistrationBean  : Mapping servlet: 'dispatcherServlet' to [/]
2018-11-30 19:34:46.528  INFO 100100 --- [localhost-startStop-1] o.s.b.w.servlet.FilterRegistrationBean   : Mapping filter: 'characterEncodingFilter' to: [/*]
2018-11-30 19:34:46.530  INFO 100100 --- [localhost-startStop-1] o.s.b.w.servlet.FilterRegistrationBean   : Mapping filter: 'hiddenHttpMethodFilter' to: [/*]
2018-11-30 19:34:46.532  INFO 100100 --- [localhost-startStop-1] o.s.b.w.servlet.FilterRegistrationBean   : Mapping filter: 'httpPutFormContentFilter' to: [/*]
2018-11-30 19:34:46.534  INFO 100100 --- [localhost-startStop-1] o.s.b.w.servlet.FilterRegistrationBean   : Mapping filter: 'requestContextFilter' to: [/*]
2018-11-30 19:34:48.534  INFO 100100 --- [main] j.LocalContainerEntityManagerFactoryBean : Building JPA container EntityManagerFactory for persistence unit 'default'
2018-11-30 19:34:48.564  INFO 100100 --- [main] o.hibernate.jpa.internal.util.LogHelper  : HHH000204: Processing PersistenceUnitInfo [
	name: default
	...]
2018-11-30 19:34:48.781  INFO 100100 --- [main] org.hibernate.Version                    : HHH000412: Hibernate Core {5.0.12.Final}
2018-11-30 19:34:48.790  INFO 100100 --- [main] org.hibernate.cfg.Environment            : HHH000206: hibernate.properties not found
2018-11-30 19:34:48.795  INFO 100100 --- [main] org.hibernate.cfg.Environment            : HHH000021: Bytecode provider name : javassist
2018-11-30 19:34:48.938  INFO 100100 --- [main] o.hibernate.annotations.common.Version   : HCANN000001: Hibernate Commons Annotations {5.0.1.Final}
2018-11-30 19:34:49.205  INFO 100100 --- [main] org.hibernate.dialect.Dialect            : HHH000400: Using dialect: org.hibernate.dialect.SQLServerDialect
2018-11-30 19:34:50.303  INFO 100100 --- [main] j.LocalContainerEntityManagerFactoryBean : Initialized JPA EntityManagerFactory for persistence unit 'default'
2018-11-30 19:34:51.207  INFO 100100 --- [main] s.w.s.m.m.a.RequestMappingHandlerAdapter : Looking for @ControllerAdvice: org.springframework.boot.context.embedded.AnnotationConfigEmbeddedWebApplicationContext@2c34f934: startup date [Fri Nov 30 19:34:40 CST 2018]; root of context hierarchy
2018-11-30 19:34:51.342  INFO 100100 --- [main] s.w.s.m.m.a.RequestMappingHandlerMapping : Mapped "{[/v1/PersonPointDefine/GetPlsPointInfo],methods=[POST]}" onto public com.telezone.model.Return com.telezone.controller.InfoController.getWord(javax.servlet.http.HttpServletRequest)
2018-11-30 19:34:51.347  INFO 100100 --- [main] s.w.s.m.m.a.RequestMappingHandlerMapping : Mapped "{[/v1/R_Call/PlsPointAlarm],methods=[POST]}" onto public com.telezone.model.Result com.telezone.controller.InfoController.Call(java.lang.String)
2018-11-30 19:34:51.353  INFO 100100 --- [main] s.w.s.m.m.a.RequestMappingHandlerMapping : Mapped "{[/error]}" onto public org.springframework.http.ResponseEntity<java.util.Map<java.lang.String, java.lang.Object>> org.springframework.boot.autoconfigure.web.BasicErrorController.error(javax.servlet.http.HttpServletRequest)
2018-11-30 19:34:51.354  INFO 100100 --- [main] s.w.s.m.m.a.RequestMappingHandlerMapping : Mapped "{[/error],produces=[text/html]}" onto public org.springframework.web.servlet.ModelAndView org.springframework.boot.autoconfigure.web.BasicErrorController.errorHtml(javax.servlet.http.HttpServletRequest,javax.servlet.http.HttpServletResponse)
2018-11-30 19:34:51.436  INFO 100100 --- [main] o.s.w.s.handler.SimpleUrlHandlerMapping  : Mapped URL path [/webjars/**] onto handler of type [class org.springframework.web.servlet.resource.ResourceHttpRequestHandler]
2018-11-30 19:34:51.436  INFO 100100 --- [main] o.s.w.s.handler.SimpleUrlHandlerMapping  : Mapped URL path [/**] onto handler of type [class org.springframework.web.servlet.resource.ResourceHttpRequestHandler]
2018-11-30 19:34:51.538  INFO 100100 --- [main] o.s.w.s.handler.SimpleUrlHandlerMapping  : Mapped URL path [/**/favicon.ico] onto handler of type [class org.springframework.web.servlet.resource.ResourceHttpRequestHandler]
2018-11-30 19:34:52.023  INFO 100100 --- [main] o.s.j.e.a.AnnotationMBeanExporter        : Registering beans for JMX exposure on startup
2018-11-30 19:34:52.115  INFO 100100 --- [main] s.b.c.e.t.TomcatEmbeddedServletContainer : Tomcat started on port(s): 8099 (http)
2018-11-30 19:34:52.123  INFO 100100 --- [main] com.telezone.InfoInterfaceApplication    : Started InfoInterfaceApplication in 13.004 seconds (JVM running for 15.774)
2018-11-30 19:37:50.192  INFO 95588 --- [main] com.telezone.InfoInterfaceApplication    : Starting InfoInterfaceApplication on DESKTOP-JVAM1LN with PID 95588 (D:\ideaWorkspace\InfoInterface\target\classes started by forest in D:\ideaWorkspace\InfoInterface)
2018-11-30 19:37:50.197  INFO 95588 --- [main] com.telezone.InfoInterfaceApplication    : No active profile set, falling back to default profiles: default
2018-11-30 19:37:50.360  INFO 95588 --- [main] ationConfigEmbeddedWebApplicationContext : Refreshing org.springframework.boot.context.embedded.AnnotationConfigEmbeddedWebApplicationContext@2c34f934: startup date [Fri Nov 30 19:37:50 CST 2018]; root of context hierarchy
2018-11-30 19:37:54.185  INFO 95588 --- [main] s.b.c.e.t.TomcatEmbeddedServletContainer : Tomcat initialized with port(s): 8099 (http)
2018-11-30 19:37:54.199  INFO 95588 --- [main] o.apache.catalina.core.StandardService   : Starting service [Tomcat]
2018-11-30 19:37:54.201  INFO 95588 --- [main] org.apache.catalina.core.StandardEngine  : Starting Servlet Engine: Apache Tomcat/8.5.23
2018-11-30 19:37:54.448  INFO 95588 --- [localhost-startStop-1] o.a.c.c.C.[Tomcat].[localhost].[/]       : Initializing Spring embedded WebApplicationContext
2018-11-30 19:37:54.448  INFO 95588 --- [localhost-startStop-1] o.s.web.context.ContextLoader            : Root WebApplicationContext: initialization completed in 4093 ms
2018-11-30 19:37:54.896  INFO 95588 --- [localhost-startStop-1] o.s.b.w.servlet.ServletRegistrationBean  : Mapping servlet: 'dispatcherServlet' to [/]
2018-11-30 19:37:54.905  INFO 95588 --- [localhost-startStop-1] o.s.b.w.servlet.FilterRegistrationBean   : Mapping filter: 'characterEncodingFilter' to: [/*]
2018-11-30 19:37:54.929  INFO 95588 --- [localhost-startStop-1] o.s.b.w.servlet.FilterRegistrationBean   : Mapping filter: 'hiddenHttpMethodFilter' to: [/*]
2018-11-30 19:37:54.936  INFO 95588 --- [localhost-startStop-1] o.s.b.w.servlet.FilterRegistrationBean   : Mapping filter: 'httpPutFormContentFilter' to: [/*]
2018-11-30 19:37:54.936  INFO 95588 --- [localhost-startStop-1] o.s.b.w.servlet.FilterRegistrationBean   : Mapping filter: 'requestContextFilter' to: [/*]
2018-11-30 19:37:56.783  INFO 95588 --- [main] j.LocalContainerEntityManagerFactoryBean : Building JPA container EntityManagerFactory for persistence unit 'default'
2018-11-30 19:37:56.803  INFO 95588 --- [main] o.hibernate.jpa.internal.util.LogHelper  : HHH000204: Processing PersistenceUnitInfo [
	name: default
	...]
2018-11-30 19:37:56.919  INFO 95588 --- [main] org.hibernate.Version                    : HHH000412: Hibernate Core {5.0.12.Final}
2018-11-30 19:37:56.921  INFO 95588 --- [main] org.hibernate.cfg.Environment            : HHH000206: hibernate.properties not found
2018-11-30 19:37:56.923  INFO 95588 --- [main] org.hibernate.cfg.Environment            : HHH000021: Bytecode provider name : javassist
2018-11-30 19:37:57.008  INFO 95588 --- [main] o.hibernate.annotations.common.Version   : HCANN000001: Hibernate Commons Annotations {5.0.1.Final}
2018-11-30 19:37:57.216  INFO 95588 --- [main] org.hibernate.dialect.Dialect            : HHH000400: Using dialect: org.hibernate.dialect.SQLServerDialect
2018-11-30 19:37:58.554  INFO 95588 --- [main] j.LocalContainerEntityManagerFactoryBean : Initialized JPA EntityManagerFactory for persistence unit 'default'
2018-11-30 19:37:59.313  INFO 95588 --- [main] s.w.s.m.m.a.RequestMappingHandlerAdapter : Looking for @ControllerAdvice: org.springframework.boot.context.embedded.AnnotationConfigEmbeddedWebApplicationContext@2c34f934: startup date [Fri Nov 30 19:37:50 CST 2018]; root of context hierarchy
2018-11-30 19:37:59.410  INFO 95588 --- [main] s.w.s.m.m.a.RequestMappingHandlerMapping : Mapped "{[/v1/PersonPointDefine/GetPlsPointInfo],methods=[POST]}" onto public com.telezone.model.Return com.telezone.controller.InfoController.getWord(javax.servlet.http.HttpServletRequest)
2018-11-30 19:37:59.412  INFO 95588 --- [main] s.w.s.m.m.a.RequestMappingHandlerMapping : Mapped "{[/v1/R_Call/PlsPointAlarm],methods=[POST]}" onto public com.telezone.model.Result com.telezone.controller.InfoController.Call(java.lang.String)
2018-11-30 19:37:59.415  INFO 95588 --- [main] s.w.s.m.m.a.RequestMappingHandlerMapping : Mapped "{[/error]}" onto public org.springframework.http.ResponseEntity<java.util.Map<java.lang.String, java.lang.Object>> org.springframework.boot.autoconfigure.web.BasicErrorController.error(javax.servlet.http.HttpServletRequest)
2018-11-30 19:37:59.415  INFO 95588 --- [main] s.w.s.m.m.a.RequestMappingHandlerMapping : Mapped "{[/error],produces=[text/html]}" onto public org.springframework.web.servlet.ModelAndView org.springframework.boot.autoconfigure.web.BasicErrorController.errorHtml(javax.servlet.http.HttpServletRequest,javax.servlet.http.HttpServletResponse)
2018-11-30 19:37:59.461  INFO 95588 --- [main] o.s.w.s.handler.SimpleUrlHandlerMapping  : Mapped URL path [/webjars/**] onto handler of type [class org.springframework.web.servlet.resource.ResourceHttpRequestHandler]
2018-11-30 19:37:59.461  INFO 95588 --- [main] o.s.w.s.handler.SimpleUrlHandlerMapping  : Mapped URL path [/**] onto handler of type [class org.springframework.web.servlet.resource.ResourceHttpRequestHandler]
2018-11-30 19:37:59.521  INFO 95588 --- [main] o.s.w.s.handler.SimpleUrlHandlerMapping  : Mapped URL path [/**/favicon.ico] onto handler of type [class org.springframework.web.servlet.resource.ResourceHttpRequestHandler]
2018-11-30 19:37:59.956  INFO 95588 --- [main] o.s.j.e.a.AnnotationMBeanExporter        : Registering beans for JMX exposure on startup
2018-11-30 19:38:00.076  INFO 95588 --- [main] s.b.c.e.t.TomcatEmbeddedServletContainer : Tomcat started on port(s): 8099 (http)
2018-11-30 19:38:00.089  INFO 95588 --- [main] com.telezone.InfoInterfaceApplication    : Started InfoInterfaceApplication in 11.051 seconds (JVM running for 13.455)
2018-11-30 19:38:04.215  INFO 95588 --- [http-nio-8099-exec-2] o.a.c.c.C.[Tomcat].[localhost].[/]       : Initializing Spring FrameworkServlet 'dispatcherServlet'
2018-11-30 19:38:04.216  INFO 95588 --- [http-nio-8099-exec-2] o.s.web.servlet.DispatcherServlet        : FrameworkServlet 'dispatcherServlet': initialization started
2018-11-30 19:38:04.276  INFO 95588 --- [http-nio-8099-exec-2] o.s.web.servlet.DispatcherServlet        : FrameworkServlet 'dispatcherServlet': initialization completed in 59 ms
2018-11-30 19:38:04.342  INFO 95588 --- [http-nio-8099-exec-2] com.telezone.controller.InfoController   : {
  "PointInfo":  [{
      "Id": "1213434",     
"Type": "1" ,
      "CallType": "1",
      "CallPersonDefType": "4" ,
      "fzhList": "001,002",
      "CallTime": "2018-03-26 09:00:00"   
   }
]
}
2018-11-30 19:55:25.885  INFO 61076 --- [main] com.telezone.InfoInterfaceApplication    : Starting InfoInterfaceApplication on DESKTOP-JVAM1LN with PID 61076 (D:\ideaWorkspace\InfoInterface\target\classes started by forest in D:\ideaWorkspace\InfoInterface)
2018-11-30 19:55:25.920  INFO 61076 --- [main] com.telezone.InfoInterfaceApplication    : No active profile set, falling back to default profiles: default
2018-11-30 19:55:26.107  INFO 61076 --- [main] ationConfigEmbeddedWebApplicationContext : Refreshing org.springframework.boot.context.embedded.AnnotationConfigEmbeddedWebApplicationContext@295cf707: startup date [Fri Nov 30 19:55:26 CST 2018]; root of context hierarchy
2018-11-30 19:55:30.653  INFO 61076 --- [main] s.b.c.e.t.TomcatEmbeddedServletContainer : Tomcat initialized with port(s): 8099 (http)
2018-11-30 19:55:30.670  INFO 61076 --- [main] o.apache.catalina.core.StandardService   : Starting service [Tomcat]
2018-11-30 19:55:30.673  INFO 61076 --- [main] org.apache.catalina.core.StandardEngine  : Starting Servlet Engine: Apache Tomcat/8.5.23
2018-11-30 19:55:30.927  INFO 61076 --- [localhost-startStop-1] o.a.c.c.C.[Tomcat].[localhost].[/]       : Initializing Spring embedded WebApplicationContext
2018-11-30 19:55:30.927  INFO 61076 --- [localhost-startStop-1] o.s.web.context.ContextLoader            : Root WebApplicationContext: initialization completed in 4826 ms
2018-11-30 19:55:31.249  INFO 61076 --- [localhost-startStop-1] o.s.b.w.servlet.ServletRegistrationBean  : Mapping servlet: 'dispatcherServlet' to [/]
2018-11-30 19:55:31.260  INFO 61076 --- [localhost-startStop-1] o.s.b.w.servlet.FilterRegistrationBean   : Mapping filter: 'characterEncodingFilter' to: [/*]
2018-11-30 19:55:31.263  INFO 61076 --- [localhost-startStop-1] o.s.b.w.servlet.FilterRegistrationBean   : Mapping filter: 'hiddenHttpMethodFilter' to: [/*]
2018-11-30 19:55:31.264  INFO 61076 --- [localhost-startStop-1] o.s.b.w.servlet.FilterRegistrationBean   : Mapping filter: 'httpPutFormContentFilter' to: [/*]
2018-11-30 19:55:31.265  INFO 61076 --- [localhost-startStop-1] o.s.b.w.servlet.FilterRegistrationBean   : Mapping filter: 'requestContextFilter' to: [/*]
2018-11-30 19:55:33.134  INFO 61076 --- [main] j.LocalContainerEntityManagerFactoryBean : Building JPA container EntityManagerFactory for persistence unit 'default'
2018-11-30 19:55:33.157  INFO 61076 --- [main] o.hibernate.jpa.internal.util.LogHelper  : HHH000204: Processing PersistenceUnitInfo [
	name: default
	...]
2018-11-30 19:55:33.455  INFO 61076 --- [main] org.hibernate.Version                    : HHH000412: Hibernate Core {5.0.12.Final}
2018-11-30 19:55:33.460  INFO 61076 --- [main] org.hibernate.cfg.Environment            : HHH000206: hibernate.properties not found
2018-11-30 19:55:33.463  INFO 61076 --- [main] org.hibernate.cfg.Environment            : HHH000021: Bytecode provider name : javassist
2018-11-30 19:55:33.602  INFO 61076 --- [main] o.hibernate.annotations.common.Version   : HCANN000001: Hibernate Commons Annotations {5.0.1.Final}
2018-11-30 19:55:34.007  INFO 61076 --- [main] org.hibernate.dialect.Dialect            : HHH000400: Using dialect: org.hibernate.dialect.SQLServerDialect
2018-11-30 19:55:35.649  INFO 61076 --- [main] j.LocalContainerEntityManagerFactoryBean : Initialized JPA EntityManagerFactory for persistence unit 'default'
2018-11-30 19:55:37.546  INFO 61076 --- [main] s.w.s.m.m.a.RequestMappingHandlerAdapter : Looking for @ControllerAdvice: org.springframework.boot.context.embedded.AnnotationConfigEmbeddedWebApplicationContext@295cf707: startup date [Fri Nov 30 19:55:26 CST 2018]; root of context hierarchy
2018-11-30 19:55:37.700  INFO 61076 --- [main] s.w.s.m.m.a.RequestMappingHandlerMapping : Mapped "{[/v1/R_Call/PlsPointAlarm],methods=[POST]}" onto public com.telezone.model.Result com.telezone.controller.InfoController.Call(java.lang.String)
2018-11-30 19:55:37.702  INFO 61076 --- [main] s.w.s.m.m.a.RequestMappingHandlerMapping : Mapped "{[/v1/PersonPointDefine/GetPlsPointInfo],methods=[POST]}" onto public com.telezone.model.Return com.telezone.controller.InfoController.getWord(javax.servlet.http.HttpServletRequest)
2018-11-30 19:55:37.705  INFO 61076 --- [main] s.w.s.m.m.a.RequestMappingHandlerMapping : Mapped "{[/error]}" onto public org.springframework.http.ResponseEntity<java.util.Map<java.lang.String, java.lang.Object>> org.springframework.boot.autoconfigure.web.BasicErrorController.error(javax.servlet.http.HttpServletRequest)
2018-11-30 19:55:37.706  INFO 61076 --- [main] s.w.s.m.m.a.RequestMappingHandlerMapping : Mapped "{[/error],produces=[text/html]}" onto public org.springframework.web.servlet.ModelAndView org.springframework.boot.autoconfigure.web.BasicErrorController.errorHtml(javax.servlet.http.HttpServletRequest,javax.servlet.http.HttpServletResponse)
2018-11-30 19:55:37.790  INFO 61076 --- [main] o.s.w.s.handler.SimpleUrlHandlerMapping  : Mapped URL path [/webjars/**] onto handler of type [class org.springframework.web.servlet.resource.ResourceHttpRequestHandler]
2018-11-30 19:55:37.791  INFO 61076 --- [main] o.s.w.s.handler.SimpleUrlHandlerMapping  : Mapped URL path [/**] onto handler of type [class org.springframework.web.servlet.resource.ResourceHttpRequestHandler]
2018-11-30 19:55:37.916  INFO 61076 --- [main] o.s.w.s.handler.SimpleUrlHandlerMapping  : Mapped URL path [/**/favicon.ico] onto handler of type [class org.springframework.web.servlet.resource.ResourceHttpRequestHandler]
2018-11-30 19:55:38.717  INFO 61076 --- [main] o.s.j.e.a.AnnotationMBeanExporter        : Registering beans for JMX exposure on startup
2018-11-30 19:55:38.841  INFO 61076 --- [main] s.b.c.e.t.TomcatEmbeddedServletContainer : Tomcat started on port(s): 8099 (http)
2018-11-30 19:55:38.851  INFO 61076 --- [main] com.telezone.InfoInterfaceApplication    : Started InfoInterfaceApplication in 13.924 seconds (JVM running for 16.498)
2018-11-30 19:57:25.561  INFO 61076 --- [http-nio-8099-exec-2] o.a.c.c.C.[Tomcat].[localhost].[/]       : Initializing Spring FrameworkServlet 'dispatcherServlet'
2018-11-30 19:57:25.562  INFO 61076 --- [http-nio-8099-exec-2] o.s.web.servlet.DispatcherServlet        : FrameworkServlet 'dispatcherServlet': initialization started
2018-11-30 19:57:25.601  INFO 61076 --- [http-nio-8099-exec-2] o.s.web.servlet.DispatcherServlet        : FrameworkServlet 'dispatcherServlet': initialization completed in 39 ms
2018-11-30 19:57:25.657  INFO 61076 --- [http-nio-8099-exec-2] com.telezone.controller.InfoController   : {"PointInfo":[{"Id":"10302","Type":1,"CallType":1,"CallPersonDefType":4,{"PointInfo":[{"Id":"10302","Type":1,"CallType":1,"CallPersonDefType":4,"fzhList":"15","CallTime":"2018-11-30 19:50:45"}]}
2018-11-30 19:57:25.889 ERROR 61076 --- [http-nio-8099-exec-2] o.a.c.c.C.[.[.[/].[dispatcherServlet]    : Servlet.service() for servlet [dispatcherServlet] in context with path [] threw exception [Request processing failed; nested exception is com.alibaba.fastjson.JSONException: illegal identifier : {pos 72, line 1, column 73{"PointInfo":[{"Id":"10302","Type":1,"CallType":1,"CallPersonDefType":4,{"PointInfo":[{"Id":"10302","Type":1,"CallType":1,"CallPersonDefType":4,"fzhList":"15","CallTime":"2018-11-30 19:50:45"}]}] with root cause

com.alibaba.fastjson.JSONException: illegal identifier : {pos 72, line 1, column 73{"PointInfo":[{"Id":"10302","Type":1,"CallType":1,"CallPersonDefType":4,{"PointInfo":[{"Id":"10302","Type":1,"CallType":1,"CallPersonDefType":4,"fzhList":"15","CallTime":"2018-11-30 19:50:45"}]}
	at com.alibaba.fastjson.parser.JSONLexerBase.scanSymbolUnQuoted(JSONLexerBase.java:829) ~[fastjson-1.2.49.jar:na]
	at com.alibaba.fastjson.parser.JSONLexerBase.scanSymbol(JSONLexerBase.java:630) ~[fastjson-1.2.49.jar:na]
	at com.alibaba.fastjson.parser.deserializer.JavaBeanDeserializer.deserialze(JavaBeanDeserializer.java:643) ~[fastjson-1.2.49.jar:na]
	at com.alibaba.fastjson.parser.deserializer.JavaBeanDeserializer.parseRest(JavaBeanDeserializer.java:1384) ~[fastjson-1.2.49.jar:na]
	at com.alibaba.fastjson.parser.deserializer.FastjsonASMDeserializer_2_CallType.deserialze(Unknown Source) ~[na:na]
	at com.alibaba.fastjson.parser.deserializer.JavaBeanDeserializer.deserialze(JavaBeanDeserializer.java:269) ~[fastjson-1.2.49.jar:na]
	at com.alibaba.fastjson.parser.deserializer.ArrayListTypeFieldDeserializer.parseArray(ArrayListTypeFieldDeserializer.java:177) ~[fastjson-1.2.49.jar:na]
	at com.alibaba.fastjson.parser.deserializer.ArrayListTypeFieldDeserializer.parseField(ArrayListTypeFieldDeserializer.java:65) ~[fastjson-1.2.49.jar:na]
	at com.alibaba.fastjson.parser.deserializer.JavaBeanDeserializer.parseField(JavaBeanDeserializer.java:1149) ~[fastjson-1.2.49.jar:na]
	at com.alibaba.fastjson.parser.deserializer.JavaBeanDeserializer.deserialze(JavaBeanDeserializer.java:801) ~[fastjson-1.2.49.jar:na]
	at com.alibaba.fastjson.parser.deserializer.JavaBeanDeserializer.parseRest(JavaBeanDeserializer.java:1384) ~[fastjson-1.2.49.jar:na]
	at com.alibaba.fastjson.parser.deserializer.FastjsonASMDeserializer_1_Request.deserialze(Unknown Source) ~[na:na]
	at com.alibaba.fastjson.parser.deserializer.JavaBeanDeserializer.deserialze(JavaBeanDeserializer.java:269) ~[fastjson-1.2.49.jar:na]
	at com.alibaba.fastjson.parser.DefaultJSONParser.parseObject(DefaultJSONParser.java:671) ~[fastjson-1.2.49.jar:na]
	at com.alibaba.fastjson.JSON.parseObject(JSON.java:365) ~[fastjson-1.2.49.jar:na]
	at com.alibaba.fastjson.JSON.parseObject(JSON.java:269) ~[fastjson-1.2.49.jar:na]
	at com.alibaba.fastjson.JSON.parseObject(JSON.java:488) ~[fastjson-1.2.49.jar:na]
	at com.telezone.controller.InfoController.Call(InfoController.java:45) ~[classes/:na]
	at sun.reflect.NativeMethodAccessorImpl.invoke0(Native Method) ~[na:1.8.0_121]
	at sun.reflect.NativeMethodAccessorImpl.invoke(NativeMethodAccessorImpl.java:62) ~[na:1.8.0_121]
	at sun.reflect.DelegatingMethodAccessorImpl.invoke(DelegatingMethodAccessorImpl.java:43) ~[na:1.8.0_121]
	at java.lang.reflect.Method.invoke(Method.java:498) ~[na:1.8.0_121]
	at org.springframework.web.method.support.InvocableHandlerMethod.doInvoke(InvocableHandlerMethod.java:205) ~[spring-web-4.3.13.RELEASE.jar:4.3.13.RELEASE]
	at org.springframework.web.method.support.InvocableHandlerMethod.invokeForRequest(InvocableHandlerMethod.java:133) ~[spring-web-4.3.13.RELEASE.jar:4.3.13.RELEASE]
	at org.springframework.web.servlet.mvc.method.annotation.ServletInvocableHandlerMethod.invokeAndHandle(ServletInvocableHandlerMethod.java:97) ~[spring-webmvc-4.3.13.RELEASE.jar:4.3.13.RELEASE]
	at org.springframework.web.servlet.mvc.method.annotation.RequestMappingHandlerAdapter.invokeHandlerMethod(RequestMappingHandlerAdapter.java:827) ~[spring-webmvc-4.3.13.RELEASE.jar:4.3.13.RELEASE]
	at org.springframework.web.servlet.mvc.method.annotation.RequestMappingHandlerAdapter.handleInternal(RequestMappingHandlerAdapter.java:738) ~[spring-webmvc-4.3.13.RELEASE.jar:4.3.13.RELEASE]
	at org.springframework.web.servlet.mvc.method.AbstractHandlerMethodAdapter.handle(AbstractHandlerMethodAdapter.java:85) ~[spring-webmvc-4.3.13.RELEASE.jar:4.3.13.RELEASE]
	at org.springframework.web.servlet.DispatcherServlet.doDispatch(DispatcherServlet.java:967) ~[spring-webmvc-4.3.13.RELEASE.jar:4.3.13.RELEASE]
	at org.springframework.web.servlet.DispatcherServlet.doService(DispatcherServlet.java:901) ~[spring-webmvc-4.3.13.RELEASE.jar:4.3.13.RELEASE]
	at org.springframework.web.servlet.FrameworkServlet.processRequest(FrameworkServlet.java:970) ~[spring-webmvc-4.3.13.RELEASE.jar:4.3.13.RELEASE]
	at org.springframework.web.servlet.FrameworkServlet.doPost(FrameworkServlet.java:872) ~[spring-webmvc-4.3.13.RELEASE.jar:4.3.13.RELEASE]
	at javax.servlet.http.HttpServlet.service(HttpServlet.java:661) ~[tomcat-embed-core-8.5.23.jar:8.5.23]
	at org.springframework.web.servlet.FrameworkServlet.service(FrameworkServlet.java:846) ~[spring-webmvc-4.3.13.RELEASE.jar:4.3.13.RELEASE]
	at javax.servlet.http.HttpServlet.service(HttpServlet.java:742) ~[tomcat-embed-core-8.5.23.jar:8.5.23]
	at org.apache.catalina.core.ApplicationFilterChain.internalDoFilter(ApplicationFilterChain.java:231) ~[tomcat-embed-core-8.5.23.jar:8.5.23]
	at org.apache.catalina.core.ApplicationFilterChain.doFilter(ApplicationFilterChain.java:166) ~[tomcat-embed-core-8.5.23.jar:8.5.23]
	at org.apache.tomcat.websocket.server.WsFilter.doFilter(WsFilter.java:52) ~[tomcat-embed-websocket-8.5.23.jar:8.5.23]
	at org.apache.catalina.core.ApplicationFilterChain.internalDoFilter(ApplicationFilterChain.java:193) ~[tomcat-embed-core-8.5.23.jar:8.5.23]
	at org.apache.catalina.core.ApplicationFilterChain.doFilter(ApplicationFilterChain.java:166) ~[tomcat-embed-core-8.5.23.jar:8.5.23]
	at org.springframework.web.filter.RequestContextFilter.doFilterInternal(RequestContextFilter.java:99) ~[spring-web-4.3.13.RELEASE.jar:4.3.13.RELEASE]
	at org.springframework.web.filter.OncePerRequestFilter.doFilter(OncePerRequestFilter.java:107) ~[spring-web-4.3.13.RELEASE.jar:4.3.13.RELEASE]
	at org.apache.catalina.core.ApplicationFilterChain.internalDoFilter(ApplicationFilterChain.java:193) ~[tomcat-embed-core-8.5.23.jar:8.5.23]
	at org.apache.catalina.core.ApplicationFilterChain.doFilter(ApplicationFilterChain.java:166) ~[tomcat-embed-core-8.5.23.jar:8.5.23]
	at org.springframework.web.filter.HttpPutFormContentFilter.doFilterInternal(HttpPutFormContentFilter.java:108) ~[spring-web-4.3.13.RELEASE.jar:4.3.13.RELEASE]
	at org.springframework.web.filter.OncePerRequestFilter.doFilter(OncePerRequestFilter.java:107) ~[spring-web-4.3.13.RELEASE.jar:4.3.13.RELEASE]
	at org.apache.catalina.core.ApplicationFilterChain.internalDoFilter(ApplicationFilterChain.java:193) ~[tomcat-embed-core-8.5.23.jar:8.5.23]
	at org.apache.catalina.core.ApplicationFilterChain.doFilter(ApplicationFilterChain.java:166) ~[tomcat-embed-core-8.5.23.jar:8.5.23]
	at org.springframework.web.filter.HiddenHttpMethodFilter.doFilterInternal(HiddenHttpMethodFilter.java:81) ~[spring-web-4.3.13.RELEASE.jar:4.3.13.RELEASE]
	at org.springframework.web.filter.OncePerRequestFilter.doFilter(OncePerRequestFilter.java:107) ~[spring-web-4.3.13.RELEASE.jar:4.3.13.RELEASE]
	at org.apache.catalina.core.ApplicationFilterChain.internalDoFilter(ApplicationFilterChain.java:193) ~[tomcat-embed-core-8.5.23.jar:8.5.23]
	at org.apache.catalina.core.ApplicationFilterChain.doFilter(ApplicationFilterChain.java:166) ~[tomcat-embed-core-8.5.23.jar:8.5.23]
	at org.springframework.web.filter.CharacterEncodingFilter.doFilterInternal(CharacterEncodingFilter.java:197) ~[spring-web-4.3.13.RELEASE.jar:4.3.13.RELEASE]
	at org.springframework.web.filter.OncePerRequestFilter.doFilter(OncePerRequestFilter.java:107) ~[spring-web-4.3.13.RELEASE.jar:4.3.13.RELEASE]
	at org.apache.catalina.core.ApplicationFilterChain.internalDoFilter(ApplicationFilterChain.java:193) ~[tomcat-embed-core-8.5.23.jar:8.5.23]
	at org.apache.catalina.core.ApplicationFilterChain.doFilter(ApplicationFilterChain.java:166) ~[tomcat-embed-core-8.5.23.jar:8.5.23]
	at org.apache.catalina.core.StandardWrapperValve.invoke(StandardWrapperValve.java:199) ~[tomcat-embed-core-8.5.23.jar:8.5.23]
	at org.apache.catalina.core.StandardContextValve.invoke(StandardContextValve.java:96) [tomcat-embed-core-8.5.23.jar:8.5.23]
	at org.apache.catalina.authenticator.AuthenticatorBase.invoke(AuthenticatorBase.java:478) [tomcat-embed-core-8.5.23.jar:8.5.23]
	at org.apache.catalina.core.StandardHostValve.invoke(StandardHostValve.java:140) [tomcat-embed-core-8.5.23.jar:8.5.23]
	at org.apache.catalina.valves.ErrorReportValve.invoke(ErrorReportValve.java:81) [tomcat-embed-core-8.5.23.jar:8.5.23]
	at org.apache.catalina.core.StandardEngineValve.invoke(StandardEngineValve.java:87) [tomcat-embed-core-8.5.23.jar:8.5.23]
	at org.apache.catalina.connector.CoyoteAdapter.service(CoyoteAdapter.java:342) [tomcat-embed-core-8.5.23.jar:8.5.23]
	at org.apache.coyote.http11.Http11Processor.service(Http11Processor.java:803) [tomcat-embed-core-8.5.23.jar:8.5.23]
	at org.apache.coyote.AbstractProcessorLight.process(AbstractProcessorLight.java:66) [tomcat-embed-core-8.5.23.jar:8.5.23]
	at org.apache.coyote.AbstractProtocol$ConnectionHandler.process(AbstractProtocol.java:868) [tomcat-embed-core-8.5.23.jar:8.5.23]
	at org.apache.tomcat.util.net.NioEndpoint$SocketProcessor.doRun(NioEndpoint.java:1459) [tomcat-embed-core-8.5.23.jar:8.5.23]
	at org.apache.tomcat.util.net.SocketProcessorBase.run(SocketProcessorBase.java:49) [tomcat-embed-core-8.5.23.jar:8.5.23]
	at java.util.concurrent.ThreadPoolExecutor.runWorker(ThreadPoolExecutor.java:1142) [na:1.8.0_121]
	at java.util.concurrent.ThreadPoolExecutor$Worker.run(ThreadPoolExecutor.java:617) [na:1.8.0_121]
	at org.apache.tomcat.util.threads.TaskThread$WrappingRunnable.run(TaskThread.java:61) [tomcat-embed-core-8.5.23.jar:8.5.23]
	at java.lang.Thread.run(Thread.java:745) [na:1.8.0_121]

2018-11-30 19:58:00.513  INFO 61076 --- [http-nio-8099-exec-4] com.telezone.controller.InfoController   : {"PointInfo":[{"Id":"10302","Type":1,"CallType":1,"CallPersonDefType":4,"fzhList":"15","CallTime":"2018-11-30 19:56:11"}]},{"PointInfo":[{"Id":"10302","Type":1,"CallType":1,"CallPersonDefType":4,"fzhList":"15","CallTime":"2018-11-30 19:50:45"}]}
2018-11-30 19:58:00.517 ERROR 61076 --- [http-nio-8099-exec-4] o.a.c.c.C.[.[.[/].[dispatcherServlet]    : Servlet.service() for servlet [dispatcherServlet] in context with path [] threw exception [Request processing failed; nested exception is com.alibaba.fastjson.JSONException: not close json text, token : ,] with root cause

com.alibaba.fastjson.JSONException: not close json text, token : ,
	at com.alibaba.fastjson.parser.DefaultJSONParser.close(DefaultJSONParser.java:1493) ~[fastjson-1.2.49.jar:na]
	at com.alibaba.fastjson.JSON.parseObject(JSON.java:369) ~[fastjson-1.2.49.jar:na]
	at com.alibaba.fastjson.JSON.parseObject(JSON.java:269) ~[fastjson-1.2.49.jar:na]
	at com.alibaba.fastjson.JSON.parseObject(JSON.java:488) ~[fastjson-1.2.49.jar:na]
	at com.telezone.controller.InfoController.Call(InfoController.java:45) ~[classes/:na]
	at sun.reflect.NativeMethodAccessorImpl.invoke0(Native Method) ~[na:1.8.0_121]
	at sun.reflect.NativeMethodAccessorImpl.invoke(NativeMethodAccessorImpl.java:62) ~[na:1.8.0_121]
	at sun.reflect.DelegatingMethodAccessorImpl.invoke(DelegatingMethodAccessorImpl.java:43) ~[na:1.8.0_121]
	at java.lang.reflect.Method.invoke(Method.java:498) ~[na:1.8.0_121]
	at org.springframework.web.method.support.InvocableHandlerMethod.doInvoke(InvocableHandlerMethod.java:205) ~[spring-web-4.3.13.RELEASE.jar:4.3.13.RELEASE]
	at org.springframework.web.method.support.InvocableHandlerMethod.invokeForRequest(InvocableHandlerMethod.java:133) ~[spring-web-4.3.13.RELEASE.jar:4.3.13.RELEASE]
	at org.springframework.web.servlet.mvc.method.annotation.ServletInvocableHandlerMethod.invokeAndHandle(ServletInvocableHandlerMethod.java:97) ~[spring-webmvc-4.3.13.RELEASE.jar:4.3.13.RELEASE]
	at org.springframework.web.servlet.mvc.method.annotation.RequestMappingHandlerAdapter.invokeHandlerMethod(RequestMappingHandlerAdapter.java:827) ~[spring-webmvc-4.3.13.RELEASE.jar:4.3.13.RELEASE]
	at org.springframework.web.servlet.mvc.method.annotation.RequestMappingHandlerAdapter.handleInternal(RequestMappingHandlerAdapter.java:738) ~[spring-webmvc-4.3.13.RELEASE.jar:4.3.13.RELEASE]
	at org.springframework.web.servlet.mvc.method.AbstractHandlerMethodAdapter.handle(AbstractHandlerMethodAdapter.java:85) ~[spring-webmvc-4.3.13.RELEASE.jar:4.3.13.RELEASE]
	at org.springframework.web.servlet.DispatcherServlet.doDispatch(DispatcherServlet.java:967) ~[spring-webmvc-4.3.13.RELEASE.jar:4.3.13.RELEASE]
	at org.springframework.web.servlet.DispatcherServlet.doService(DispatcherServlet.java:901) ~[spring-webmvc-4.3.13.RELEASE.jar:4.3.13.RELEASE]
	at org.springframework.web.servlet.FrameworkServlet.processRequest(FrameworkServlet.java:970) ~[spring-webmvc-4.3.13.RELEASE.jar:4.3.13.RELEASE]
	at org.springframework.web.servlet.FrameworkServlet.doPost(FrameworkServlet.java:872) ~[spring-webmvc-4.3.13.RELEASE.jar:4.3.13.RELEASE]
	at javax.servlet.http.HttpServlet.service(HttpServlet.java:661) ~[tomcat-embed-core-8.5.23.jar:8.5.23]
	at org.springframework.web.servlet.FrameworkServlet.service(FrameworkServlet.java:846) ~[spring-webmvc-4.3.13.RELEASE.jar:4.3.13.RELEASE]
	at javax.servlet.http.HttpServlet.service(HttpServlet.java:742) ~[tomcat-embed-core-8.5.23.jar:8.5.23]
	at org.apache.catalina.core.ApplicationFilterChain.internalDoFilter(ApplicationFilterChain.java:231) ~[tomcat-embed-core-8.5.23.jar:8.5.23]
	at org.apache.catalina.core.ApplicationFilterChain.doFilter(ApplicationFilterChain.java:166) ~[tomcat-embed-core-8.5.23.jar:8.5.23]
	at org.apache.tomcat.websocket.server.WsFilter.doFilter(WsFilter.java:52) ~[tomcat-embed-websocket-8.5.23.jar:8.5.23]
	at org.apache.catalina.core.ApplicationFilterChain.internalDoFilter(ApplicationFilterChain.java:193) ~[tomcat-embed-core-8.5.23.jar:8.5.23]
	at org.apache.catalina.core.ApplicationFilterChain.doFilter(ApplicationFilterChain.java:166) ~[tomcat-embed-core-8.5.23.jar:8.5.23]
	at org.springframework.web.filter.RequestContextFilter.doFilterInternal(RequestContextFilter.java:99) ~[spring-web-4.3.13.RELEASE.jar:4.3.13.RELEASE]
	at org.springframework.web.filter.OncePerRequestFilter.doFilter(OncePerRequestFilter.java:107) ~[spring-web-4.3.13.RELEASE.jar:4.3.13.RELEASE]
	at org.apache.catalina.core.ApplicationFilterChain.internalDoFilter(ApplicationFilterChain.java:193) ~[tomcat-embed-core-8.5.23.jar:8.5.23]
	at org.apache.catalina.core.ApplicationFilterChain.doFilter(ApplicationFilterChain.java:166) ~[tomcat-embed-core-8.5.23.jar:8.5.23]
	at org.springframework.web.filter.HttpPutFormContentFilter.doFilterInternal(HttpPutFormContentFilter.java:108) ~[spring-web-4.3.13.RELEASE.jar:4.3.13.RELEASE]
	at org.springframework.web.filter.OncePerRequestFilter.doFilter(OncePerRequestFilter.java:107) ~[spring-web-4.3.13.RELEASE.jar:4.3.13.RELEASE]
	at org.apache.catalina.core.ApplicationFilterChain.internalDoFilter(ApplicationFilterChain.java:193) ~[tomcat-embed-core-8.5.23.jar:8.5.23]
	at org.apache.catalina.core.ApplicationFilterChain.doFilter(ApplicationFilterChain.java:166) ~[tomcat-embed-core-8.5.23.jar:8.5.23]
	at org.springframework.web.filter.HiddenHttpMethodFilter.doFilterInternal(HiddenHttpMethodFilter.java:81) ~[spring-web-4.3.13.RELEASE.jar:4.3.13.RELEASE]
	at org.springframework.web.filter.OncePerRequestFilter.doFilter(OncePerRequestFilter.java:107) ~[spring-web-4.3.13.RELEASE.jar:4.3.13.RELEASE]
	at org.apache.catalina.core.ApplicationFilterChain.internalDoFilter(ApplicationFilterChain.java:193) ~[tomcat-embed-core-8.5.23.jar:8.5.23]
	at org.apache.catalina.core.ApplicationFilterChain.doFilter(ApplicationFilterChain.java:166) ~[tomcat-embed-core-8.5.23.jar:8.5.23]
	at org.springframework.web.filter.CharacterEncodingFilter.doFilterInternal(CharacterEncodingFilter.java:197) ~[spring-web-4.3.13.RELEASE.jar:4.3.13.RELEASE]
	at org.springframework.web.filter.OncePerRequestFilter.doFilter(OncePerRequestFilter.java:107) ~[spring-web-4.3.13.RELEASE.jar:4.3.13.RELEASE]
	at org.apache.catalina.core.ApplicationFilterChain.internalDoFilter(ApplicationFilterChain.java:193) ~[tomcat-embed-core-8.5.23.jar:8.5.23]
	at org.apache.catalina.core.ApplicationFilterChain.doFilter(ApplicationFilterChain.java:166) ~[tomcat-embed-core-8.5.23.jar:8.5.23]
	at org.apache.catalina.core.StandardWrapperValve.invoke(StandardWrapperValve.java:199) ~[tomcat-embed-core-8.5.23.jar:8.5.23]
	at org.apache.catalina.core.StandardContextValve.invoke(StandardContextValve.java:96) [tomcat-embed-core-8.5.23.jar:8.5.23]
	at org.apache.catalina.authenticator.AuthenticatorBase.invoke(AuthenticatorBase.java:478) [tomcat-embed-core-8.5.23.jar:8.5.23]
	at org.apache.catalina.core.StandardHostValve.invoke(StandardHostValve.java:140) [tomcat-embed-core-8.5.23.jar:8.5.23]
	at org.apache.catalina.valves.ErrorReportValve.invoke(ErrorReportValve.java:81) [tomcat-embed-core-8.5.23.jar:8.5.23]
	at org.apache.catalina.core.StandardEngineValve.invoke(StandardEngineValve.java:87) [tomcat-embed-core-8.5.23.jar:8.5.23]
	at org.apache.catalina.connector.CoyoteAdapter.service(CoyoteAdapter.java:342) [tomcat-embed-core-8.5.23.jar:8.5.23]
	at org.apache.coyote.http11.Http11Processor.service(Http11Processor.java:803) [tomcat-embed-core-8.5.23.jar:8.5.23]
	at org.apache.coyote.AbstractProcessorLight.process(AbstractProcessorLight.java:66) [tomcat-embed-core-8.5.23.jar:8.5.23]
	at org.apache.coyote.AbstractProtocol$ConnectionHandler.process(AbstractProtocol.java:868) [tomcat-embed-core-8.5.23.jar:8.5.23]
	at org.apache.tomcat.util.net.NioEndpoint$SocketProcessor.doRun(NioEndpoint.java:1459) [tomcat-embed-core-8.5.23.jar:8.5.23]
	at org.apache.tomcat.util.net.SocketProcessorBase.run(SocketProcessorBase.java:49) [tomcat-embed-core-8.5.23.jar:8.5.23]
	at java.util.concurrent.ThreadPoolExecutor.runWorker(ThreadPoolExecutor.java:1142) [na:1.8.0_121]
	at java.util.concurrent.ThreadPoolExecutor$Worker.run(ThreadPoolExecutor.java:617) [na:1.8.0_121]
	at org.apache.tomcat.util.threads.TaskThread$WrappingRunnable.run(TaskThread.java:61) [tomcat-embed-core-8.5.23.jar:8.5.23]
	at java.lang.Thread.run(Thread.java:745) [na:1.8.0_121]

2018-11-30 19:58:59.266  INFO 61076 --- [http-nio-8099-exec-6] com.telezone.controller.InfoController   : {"PointInfo":[{"Id":"10302","Type":1,"CallType":1,"CallPersonDefType":4,"fzhList":"15","CallTime":"2018-11-30 19:56:11"}]}
2018-12-10 11:23:06.716  INFO 95692 --- [main] com.telezone.InfoInterfaceApplication    : Starting InfoInterfaceApplication on DESKTOP-JVAM1LN with PID 95692 (D:\ideaWorkspace\InfoInterface\target\classes started by forest in D:\ideaWorkspace\InfoInterface)
2018-12-10 11:23:06.756  INFO 95692 --- [main] com.telezone.InfoInterfaceApplication    : No active profile set, falling back to default profiles: default
2018-12-10 11:23:06.918  INFO 95692 --- [main] ationConfigEmbeddedWebApplicationContext : Refreshing org.springframework.boot.context.embedded.AnnotationConfigEmbeddedWebApplicationContext@2c34f934: startup date [Mon Dec 10 11:23:06 CST 2018]; root of context hierarchy
2018-12-10 11:23:09.690  INFO 95692 --- [main] s.b.c.e.t.TomcatEmbeddedServletContainer : Tomcat initialized with port(s): 8099 (http)
2018-12-10 11:23:09.701  INFO 95692 --- [main] o.apache.catalina.core.StandardService   : Starting service [Tomcat]
2018-12-10 11:23:09.702  INFO 95692 --- [main] org.apache.catalina.core.StandardEngine  : Starting Servlet Engine: Apache Tomcat/8.5.23
2018-12-10 11:23:09.890  INFO 95692 --- [localhost-startStop-1] o.a.c.c.C.[Tomcat].[localhost].[/]       : Initializing Spring embedded WebApplicationContext
2018-12-10 11:23:09.890  INFO 95692 --- [localhost-startStop-1] o.s.web.context.ContextLoader            : Root WebApplicationContext: initialization completed in 2977 ms
2018-12-10 11:23:10.073  INFO 95692 --- [localhost-startStop-1] o.s.b.w.servlet.ServletRegistrationBean  : Mapping servlet: 'dispatcherServlet' to [/]
2018-12-10 11:23:10.078  INFO 95692 --- [localhost-startStop-1] o.s.b.w.servlet.FilterRegistrationBean   : Mapping filter: 'characterEncodingFilter' to: [/*]
2018-12-10 11:23:10.078  INFO 95692 --- [localhost-startStop-1] o.s.b.w.servlet.FilterRegistrationBean   : Mapping filter: 'hiddenHttpMethodFilter' to: [/*]
2018-12-10 11:23:10.079  INFO 95692 --- [localhost-startStop-1] o.s.b.w.servlet.FilterRegistrationBean   : Mapping filter: 'httpPutFormContentFilter' to: [/*]
2018-12-10 11:23:10.079  INFO 95692 --- [localhost-startStop-1] o.s.b.w.servlet.FilterRegistrationBean   : Mapping filter: 'requestContextFilter' to: [/*]
2018-12-10 11:23:11.478  INFO 95692 --- [main] j.LocalContainerEntityManagerFactoryBean : Building JPA container EntityManagerFactory for persistence unit 'default'
2018-12-10 11:23:11.495  INFO 95692 --- [main] o.hibernate.jpa.internal.util.LogHelper  : HHH000204: Processing PersistenceUnitInfo [
	name: default
	...]
2018-12-10 11:23:11.607  INFO 95692 --- [main] org.hibernate.Version                    : HHH000412: Hibernate Core {5.0.12.Final}
2018-12-10 11:23:11.610  INFO 95692 --- [main] org.hibernate.cfg.Environment            : HHH000206: hibernate.properties not found
2018-12-10 11:23:11.612  INFO 95692 --- [main] org.hibernate.cfg.Environment            : HHH000021: Bytecode provider name : javassist
2018-12-10 11:23:11.766  INFO 95692 --- [main] o.hibernate.annotations.common.Version   : HCANN000001: Hibernate Commons Annotations {5.0.1.Final}
2018-12-10 11:23:12.057  INFO 95692 --- [main] org.hibernate.dialect.Dialect            : HHH000400: Using dialect: org.hibernate.dialect.SQLServerDialect
2018-12-10 11:23:12.793  INFO 95692 --- [main] j.LocalContainerEntityManagerFactoryBean : Initialized JPA EntityManagerFactory for persistence unit 'default'
2018-12-10 11:23:13.438  INFO 95692 --- [main] s.w.s.m.m.a.RequestMappingHandlerAdapter : Looking for @ControllerAdvice: org.springframework.boot.context.embedded.AnnotationConfigEmbeddedWebApplicationContext@2c34f934: startup date [Mon Dec 10 11:23:06 CST 2018]; root of context hierarchy
2018-12-10 11:23:13.529  INFO 95692 --- [main] s.w.s.m.m.a.RequestMappingHandlerMapping : Mapped "{[/v1/PersonPointDefine/GetPlsPointInfo],methods=[POST]}" onto public com.telezone.model.Return com.telezone.controller.InfoController.getWord()
2018-12-10 11:23:13.532  INFO 95692 --- [main] s.w.s.m.m.a.RequestMappingHandlerMapping : Mapped "{[/v1/R_Call/PlsPointAlarm],methods=[POST]}" onto public com.telezone.model.Result com.telezone.controller.InfoController.Call(java.lang.String)
2018-12-10 11:23:13.534  INFO 95692 --- [main] s.w.s.m.m.a.RequestMappingHandlerMapping : Mapped "{[/error]}" onto public org.springframework.http.ResponseEntity<java.util.Map<java.lang.String, java.lang.Object>> org.springframework.boot.autoconfigure.web.BasicErrorController.error(javax.servlet.http.HttpServletRequest)
2018-12-10 11:23:13.535  INFO 95692 --- [main] s.w.s.m.m.a.RequestMappingHandlerMapping : Mapped "{[/error],produces=[text/html]}" onto public org.springframework.web.servlet.ModelAndView org.springframework.boot.autoconfigure.web.BasicErrorController.errorHtml(javax.servlet.http.HttpServletRequest,javax.servlet.http.HttpServletResponse)
2018-12-10 11:23:13.568  INFO 95692 --- [main] o.s.w.s.handler.SimpleUrlHandlerMapping  : Mapped URL path [/webjars/**] onto handler of type [class org.springframework.web.servlet.resource.ResourceHttpRequestHandler]
2018-12-10 11:23:13.568  INFO 95692 --- [main] o.s.w.s.handler.SimpleUrlHandlerMapping  : Mapped URL path [/**] onto handler of type [class org.springframework.web.servlet.resource.ResourceHttpRequestHandler]
2018-12-10 11:23:13.612  INFO 95692 --- [main] o.s.w.s.handler.SimpleUrlHandlerMapping  : Mapped URL path [/**/favicon.ico] onto handler of type [class org.springframework.web.servlet.resource.ResourceHttpRequestHandler]
2018-12-10 11:23:13.928  INFO 95692 --- [main] o.s.j.e.a.AnnotationMBeanExporter        : Registering beans for JMX exposure on startup
2018-12-10 11:23:14.065  INFO 95692 --- [main] s.b.c.e.t.TomcatEmbeddedServletContainer : Tomcat started on port(s): 8099 (http)
2018-12-10 11:23:14.074  INFO 95692 --- [main] com.telezone.InfoInterfaceApplication    : Started InfoInterfaceApplication in 8.05 seconds (JVM running for 10.628)
2018-12-10 11:23:41.489  INFO 36784 --- [main] com.telezone.InfoInterfaceApplication    : Starting InfoInterfaceApplication on DESKTOP-JVAM1LN with PID 36784 (D:\ideaWorkspace\InfoInterface\target\classes started by forest in D:\ideaWorkspace\InfoInterface)
2018-12-10 11:23:41.495  INFO 36784 --- [main] com.telezone.InfoInterfaceApplication    : No active profile set, falling back to default profiles: default
2018-12-10 11:23:41.636  INFO 36784 --- [main] ationConfigEmbeddedWebApplicationContext : Refreshing org.springframework.boot.context.embedded.AnnotationConfigEmbeddedWebApplicationContext@7a3793c7: startup date [Mon Dec 10 11:23:41 CST 2018]; root of context hierarchy
2018-12-10 11:23:44.038  INFO 36784 --- [main] s.b.c.e.t.TomcatEmbeddedServletContainer : Tomcat initialized with port(s): 8099 (http)
2018-12-10 11:23:44.050  INFO 36784 --- [main] o.apache.catalina.core.StandardService   : Starting service [Tomcat]
2018-12-10 11:23:44.051  INFO 36784 --- [main] org.apache.catalina.core.StandardEngine  : Starting Servlet Engine: Apache Tomcat/8.5.23
2018-12-10 11:23:44.497  INFO 36784 --- [localhost-startStop-1] o.a.c.c.C.[Tomcat].[localhost].[/]       : Initializing Spring embedded WebApplicationContext
2018-12-10 11:23:44.497  INFO 36784 --- [localhost-startStop-1] o.s.web.context.ContextLoader            : Root WebApplicationContext: initialization completed in 2866 ms
2018-12-10 11:23:44.992  INFO 36784 --- [localhost-startStop-1] o.s.b.w.servlet.ServletRegistrationBean  : Mapping servlet: 'dispatcherServlet' to [/]
2018-12-10 11:23:44.999  INFO 36784 --- [localhost-startStop-1] o.s.b.w.servlet.FilterRegistrationBean   : Mapping filter: 'characterEncodingFilter' to: [/*]
2018-12-10 11:23:45.000  INFO 36784 --- [localhost-startStop-1] o.s.b.w.servlet.FilterRegistrationBean   : Mapping filter: 'hiddenHttpMethodFilter' to: [/*]
2018-12-10 11:23:45.000  INFO 36784 --- [localhost-startStop-1] o.s.b.w.servlet.FilterRegistrationBean   : Mapping filter: 'httpPutFormContentFilter' to: [/*]
2018-12-10 11:23:45.000  INFO 36784 --- [localhost-startStop-1] o.s.b.w.servlet.FilterRegistrationBean   : Mapping filter: 'requestContextFilter' to: [/*]
2018-12-10 11:23:46.650  INFO 36784 --- [main] j.LocalContainerEntityManagerFactoryBean : Building JPA container EntityManagerFactory for persistence unit 'default'
2018-12-10 11:23:46.673  INFO 36784 --- [main] o.hibernate.jpa.internal.util.LogHelper  : HHH000204: Processing PersistenceUnitInfo [
	name: default
	...]
2018-12-10 11:23:46.798  INFO 36784 --- [main] org.hibernate.Version                    : HHH000412: Hibernate Core {5.0.12.Final}
2018-12-10 11:23:46.801  INFO 36784 --- [main] org.hibernate.cfg.Environment            : HHH000206: hibernate.properties not found
2018-12-10 11:23:46.802  INFO 36784 --- [main] org.hibernate.cfg.Environment            : HHH000021: Bytecode provider name : javassist
2018-12-10 11:23:46.892  INFO 36784 --- [main] o.hibernate.annotations.common.Version   : HCANN000001: Hibernate Commons Annotations {5.0.1.Final}
2018-12-10 11:23:47.214  INFO 36784 --- [main] org.hibernate.dialect.Dialect            : HHH000400: Using dialect: org.hibernate.dialect.SQLServerDialect
2018-12-10 11:23:48.122  INFO 36784 --- [main] j.LocalContainerEntityManagerFactoryBean : Initialized JPA EntityManagerFactory for persistence unit 'default'
2018-12-10 11:23:49.033  INFO 36784 --- [main] s.w.s.m.m.a.RequestMappingHandlerAdapter : Looking for @ControllerAdvice: org.springframework.boot.context.embedded.AnnotationConfigEmbeddedWebApplicationContext@7a3793c7: startup date [Mon Dec 10 11:23:41 CST 2018]; root of context hierarchy
2018-12-10 11:23:49.222  INFO 36784 --- [main] s.w.s.m.m.a.RequestMappingHandlerMapping : Mapped "{[/v1/PersonPointDefine/GetPlsPointInfo],methods=[POST]}" onto public com.telezone.model.Return com.telezone.controller.InfoController.getWord()
2018-12-10 11:23:49.226  INFO 36784 --- [main] s.w.s.m.m.a.RequestMappingHandlerMapping : Mapped "{[/v1/R_Call/PlsPointAlarm],methods=[POST]}" onto public com.telezone.model.Result com.telezone.controller.InfoController.Call(java.lang.String)
2018-12-10 11:23:49.229  INFO 36784 --- [main] s.w.s.m.m.a.RequestMappingHandlerMapping : Mapped "{[/error]}" onto public org.springframework.http.ResponseEntity<java.util.Map<java.lang.String, java.lang.Object>> org.springframework.boot.autoconfigure.web.BasicErrorController.error(javax.servlet.http.HttpServletRequest)
2018-12-10 11:23:49.229  INFO 36784 --- [main] s.w.s.m.m.a.RequestMappingHandlerMapping : Mapped "{[/error],produces=[text/html]}" onto public org.springframework.web.servlet.ModelAndView org.springframework.boot.autoconfigure.web.BasicErrorController.errorHtml(javax.servlet.http.HttpServletRequest,javax.servlet.http.HttpServletResponse)
2018-12-10 11:23:49.301  INFO 36784 --- [main] o.s.w.s.handler.SimpleUrlHandlerMapping  : Mapped URL path [/webjars/**] onto handler of type [class org.springframework.web.servlet.resource.ResourceHttpRequestHandler]
2018-12-10 11:23:49.301  INFO 36784 --- [main] o.s.w.s.handler.SimpleUrlHandlerMapping  : Mapped URL path [/**] onto handler of type [class org.springframework.web.servlet.resource.ResourceHttpRequestHandler]
2018-12-10 11:23:49.376  INFO 36784 --- [main] o.s.w.s.handler.SimpleUrlHandlerMapping  : Mapped URL path [/**/favicon.ico] onto handler of type [class org.springframework.web.servlet.resource.ResourceHttpRequestHandler]
2018-12-10 11:23:49.955  INFO 36784 --- [main] o.s.j.e.a.AnnotationMBeanExporter        : Registering beans for JMX exposure on startup
2018-12-10 11:23:50.048  INFO 36784 --- [main] s.b.c.e.t.TomcatEmbeddedServletContainer : Tomcat started on port(s): 8099 (http)
2018-12-10 11:23:50.055  INFO 36784 --- [main] com.telezone.InfoInterfaceApplication    : Started InfoInterfaceApplication in 9.478 seconds (JVM running for 13.519)
2018-12-10 11:24:32.427  INFO 163948 --- [main] com.telezone.InfoInterfaceApplication    : Starting InfoInterfaceApplication on DESKTOP-JVAM1LN with PID 163948 (D:\ideaWorkspace\InfoInterface\target\classes started by forest in D:\ideaWorkspace\InfoInterface)
2018-12-10 11:24:32.436  INFO 163948 --- [main] com.telezone.InfoInterfaceApplication    : No active profile set, falling back to default profiles: default
2018-12-10 11:24:32.585  INFO 163948 --- [main] ationConfigEmbeddedWebApplicationContext : Refreshing org.springframework.boot.context.embedded.AnnotationConfigEmbeddedWebApplicationContext@42b3b079: startup date [Mon Dec 10 11:24:32 CST 2018]; root of context hierarchy
2018-12-10 11:24:35.585  INFO 163948 --- [main] s.b.c.e.t.TomcatEmbeddedServletContainer : Tomcat initialized with port(s): 8099 (http)
2018-12-10 11:24:35.645  INFO 163948 --- [main] o.apache.catalina.core.StandardService   : Starting service [Tomcat]
2018-12-10 11:24:35.647  INFO 163948 --- [main] org.apache.catalina.core.StandardEngine  : Starting Servlet Engine: Apache Tomcat/8.5.23
2018-12-10 11:24:36.176  INFO 163948 --- [localhost-startStop-1] o.a.c.c.C.[Tomcat].[localhost].[/]       : Initializing Spring embedded WebApplicationContext
2018-12-10 11:24:36.176  INFO 163948 --- [localhost-startStop-1] o.s.web.context.ContextLoader            : Root WebApplicationContext: initialization completed in 3600 ms
2018-12-10 11:24:36.455  INFO 163948 --- [localhost-startStop-1] o.s.b.w.servlet.ServletRegistrationBean  : Mapping servlet: 'dispatcherServlet' to [/]
2018-12-10 11:24:36.461  INFO 163948 --- [localhost-startStop-1] o.s.b.w.servlet.FilterRegistrationBean   : Mapping filter: 'characterEncodingFilter' to: [/*]
2018-12-10 11:24:36.462  INFO 163948 --- [localhost-startStop-1] o.s.b.w.servlet.FilterRegistrationBean   : Mapping filter: 'hiddenHttpMethodFilter' to: [/*]
2018-12-10 11:24:36.462  INFO 163948 --- [localhost-startStop-1] o.s.b.w.servlet.FilterRegistrationBean   : Mapping filter: 'httpPutFormContentFilter' to: [/*]
2018-12-10 11:24:36.462  INFO 163948 --- [localhost-startStop-1] o.s.b.w.servlet.FilterRegistrationBean   : Mapping filter: 'requestContextFilter' to: [/*]
2018-12-10 11:24:39.071  INFO 163948 --- [main] j.LocalContainerEntityManagerFactoryBean : Building JPA container EntityManagerFactory for persistence unit 'default'
2018-12-10 11:24:39.087  INFO 163948 --- [main] o.hibernate.jpa.internal.util.LogHelper  : HHH000204: Processing PersistenceUnitInfo [
	name: default
	...]
2018-12-10 11:24:39.194  INFO 163948 --- [main] org.hibernate.Version                    : HHH000412: Hibernate Core {5.0.12.Final}
2018-12-10 11:24:39.197  INFO 163948 --- [main] org.hibernate.cfg.Environment            : HHH000206: hibernate.properties not found
2018-12-10 11:24:39.199  INFO 163948 --- [main] org.hibernate.cfg.Environment            : HHH000021: Bytecode provider name : javassist
2018-12-10 11:24:39.278  INFO 163948 --- [main] o.hibernate.annotations.common.Version   : HCANN000001: Hibernate Commons Annotations {5.0.1.Final}
2018-12-10 11:24:39.522  INFO 163948 --- [main] org.hibernate.dialect.Dialect            : HHH000400: Using dialect: org.hibernate.dialect.SQLServerDialect
2018-12-10 11:24:40.398  INFO 163948 --- [main] j.LocalContainerEntityManagerFactoryBean : Initialized JPA EntityManagerFactory for persistence unit 'default'
2018-12-10 11:24:41.212  INFO 163948 --- [main] s.w.s.m.m.a.RequestMappingHandlerAdapter : Looking for @ControllerAdvice: org.springframework.boot.context.embedded.AnnotationConfigEmbeddedWebApplicationContext@42b3b079: startup date [Mon Dec 10 11:24:32 CST 2018]; root of context hierarchy
2018-12-10 11:24:41.336  INFO 163948 --- [main] s.w.s.m.m.a.RequestMappingHandlerMapping : Mapped "{[/v1/PersonPointDefine/GetPlsPointInfo],methods=[POST]}" onto public com.telezone.model.Return com.telezone.controller.InfoController.getWord()
2018-12-10 11:24:41.339  INFO 163948 --- [main] s.w.s.m.m.a.RequestMappingHandlerMapping : Mapped "{[/v1/R_Call/PlsPointAlarm],methods=[POST]}" onto public com.telezone.model.Result com.telezone.controller.InfoController.Call(java.lang.String)
2018-12-10 11:24:41.341  INFO 163948 --- [main] s.w.s.m.m.a.RequestMappingHandlerMapping : Mapped "{[/error]}" onto public org.springframework.http.ResponseEntity<java.util.Map<java.lang.String, java.lang.Object>> org.springframework.boot.autoconfigure.web.BasicErrorController.error(javax.servlet.http.HttpServletRequest)
2018-12-10 11:24:41.342  INFO 163948 --- [main] s.w.s.m.m.a.RequestMappingHandlerMapping : Mapped "{[/error],produces=[text/html]}" onto public org.springframework.web.servlet.ModelAndView org.springframework.boot.autoconfigure.web.BasicErrorController.errorHtml(javax.servlet.http.HttpServletRequest,javax.servlet.http.HttpServletResponse)
2018-12-10 11:24:41.396  INFO 163948 --- [main] o.s.w.s.handler.SimpleUrlHandlerMapping  : Mapped URL path [/webjars/**] onto handler of type [class org.springframework.web.servlet.resource.ResourceHttpRequestHandler]
2018-12-10 11:24:41.396  INFO 163948 --- [main] o.s.w.s.handler.SimpleUrlHandlerMapping  : Mapped URL path [/**] onto handler of type [class org.springframework.web.servlet.resource.ResourceHttpRequestHandler]
2018-12-10 11:24:41.469  INFO 163948 --- [main] o.s.w.s.handler.SimpleUrlHandlerMapping  : Mapped URL path [/**/favicon.ico] onto handler of type [class org.springframework.web.servlet.resource.ResourceHttpRequestHandler]
2018-12-10 11:24:42.015  INFO 163948 --- [main] o.s.j.e.a.AnnotationMBeanExporter        : Registering beans for JMX exposure on startup
2018-12-10 11:24:42.120  INFO 163948 --- [main] s.b.c.e.t.TomcatEmbeddedServletContainer : Tomcat started on port(s): 8099 (http)
2018-12-10 11:24:42.130  INFO 163948 --- [main] com.telezone.InfoInterfaceApplication    : Started InfoInterfaceApplication in 10.665 seconds (JVM running for 13.036)
2018-12-10 11:25:33.526  INFO 163948 --- [http-nio-8099-exec-1] o.a.c.c.C.[Tomcat].[localhost].[/]       : Initializing Spring FrameworkServlet 'dispatcherServlet'
2018-12-10 11:25:33.526  INFO 163948 --- [http-nio-8099-exec-1] o.s.web.servlet.DispatcherServlet        : FrameworkServlet 'dispatcherServlet': initialization started
2018-12-10 11:25:33.556  INFO 163948 --- [http-nio-8099-exec-1] o.s.web.servlet.DispatcherServlet        : FrameworkServlet 'dispatcherServlet': initialization completed in 30 ms
2018-12-10 11:25:33.599  INFO 163948 --- [http-nio-8099-exec-1] com.telezone.controller.InfoController   : call-str:{"PointInfo":[{"Id":"10302","Type":1,"CallType":1,"CallPersonDefType":4,"fzhList":"15","CallTime":"2018-11-30 19:56:11"}]}
2018-12-10 11:27:09.605  INFO 156092 --- [main] com.telezone.InfoInterfaceApplication    : Starting InfoInterfaceApplication on DESKTOP-JVAM1LN with PID 156092 (D:\ideaWorkspace\InfoInterface\target\classes started by forest in D:\ideaWorkspace\InfoInterface)
2018-12-10 11:27:09.615  INFO 156092 --- [main] com.telezone.InfoInterfaceApplication    : No active profile set, falling back to default profiles: default
2018-12-10 11:27:09.793  INFO 156092 --- [main] ationConfigEmbeddedWebApplicationContext : Refreshing org.springframework.boot.context.embedded.AnnotationConfigEmbeddedWebApplicationContext@e3c0e40: startup date [Mon Dec 10 11:27:09 CST 2018]; root of context hierarchy
2018-12-10 11:27:12.678  INFO 156092 --- [main] s.b.c.e.t.TomcatEmbeddedServletContainer : Tomcat initialized with port(s): 8099 (http)
2018-12-10 11:27:12.690  INFO 156092 --- [main] o.apache.catalina.core.StandardService   : Starting service [Tomcat]
2018-12-10 11:27:12.692  INFO 156092 --- [main] org.apache.catalina.core.StandardEngine  : Starting Servlet Engine: Apache Tomcat/8.5.23
2018-12-10 11:27:12.859  INFO 156092 --- [localhost-startStop-1] o.a.c.c.C.[Tomcat].[localhost].[/]       : Initializing Spring embedded WebApplicationContext
2018-12-10 11:27:12.859  INFO 156092 --- [localhost-startStop-1] o.s.web.context.ContextLoader            : Root WebApplicationContext: initialization completed in 3072 ms
2018-12-10 11:27:13.095  INFO 156092 --- [localhost-startStop-1] o.s.b.w.servlet.ServletRegistrationBean  : Mapping servlet: 'dispatcherServlet' to [/]
2018-12-10 11:27:13.101  INFO 156092 --- [localhost-startStop-1] o.s.b.w.servlet.FilterRegistrationBean   : Mapping filter: 'characterEncodingFilter' to: [/*]
2018-12-10 11:27:13.102  INFO 156092 --- [localhost-startStop-1] o.s.b.w.servlet.FilterRegistrationBean   : Mapping filter: 'hiddenHttpMethodFilter' to: [/*]
2018-12-10 11:27:13.102  INFO 156092 --- [localhost-startStop-1] o.s.b.w.servlet.FilterRegistrationBean   : Mapping filter: 'httpPutFormContentFilter' to: [/*]
2018-12-10 11:27:13.103  INFO 156092 --- [localhost-startStop-1] o.s.b.w.servlet.FilterRegistrationBean   : Mapping filter: 'requestContextFilter' to: [/*]
2018-12-10 11:27:14.557  INFO 156092 --- [main] j.LocalContainerEntityManagerFactoryBean : Building JPA container EntityManagerFactory for persistence unit 'default'
2018-12-10 11:27:14.578  INFO 156092 --- [main] o.hibernate.jpa.internal.util.LogHelper  : HHH000204: Processing PersistenceUnitInfo [
	name: default
	...]
2018-12-10 11:27:14.697  INFO 156092 --- [main] org.hibernate.Version                    : HHH000412: Hibernate Core {5.0.12.Final}
2018-12-10 11:27:14.700  INFO 156092 --- [main] org.hibernate.cfg.Environment            : HHH000206: hibernate.properties not found
2018-12-10 11:27:14.702  INFO 156092 --- [main] org.hibernate.cfg.Environment            : HHH000021: Bytecode provider name : javassist
2018-12-10 11:27:14.796  INFO 156092 --- [main] o.hibernate.annotations.common.Version   : HCANN000001: Hibernate Commons Annotations {5.0.1.Final}
2018-12-10 11:27:15.062  INFO 156092 --- [main] org.hibernate.dialect.Dialect            : HHH000400: Using dialect: org.hibernate.dialect.SQLServerDialect
2018-12-10 11:27:15.978  INFO 156092 --- [main] j.LocalContainerEntityManagerFactoryBean : Initialized JPA EntityManagerFactory for persistence unit 'default'
2018-12-10 11:27:16.802  INFO 156092 --- [main] s.w.s.m.m.a.RequestMappingHandlerAdapter : Looking for @ControllerAdvice: org.springframework.boot.context.embedded.AnnotationConfigEmbeddedWebApplicationContext@e3c0e40: startup date [Mon Dec 10 11:27:09 CST 2018]; root of context hierarchy
2018-12-10 11:27:16.911  INFO 156092 --- [main] s.w.s.m.m.a.RequestMappingHandlerMapping : Mapped "{[/v1/PersonPointDefine/GetPlsPointInfo],methods=[POST]}" onto public com.telezone.model.Return com.telezone.controller.InfoController.getWord()
2018-12-10 11:27:16.914  INFO 156092 --- [main] s.w.s.m.m.a.RequestMappingHandlerMapping : Mapped "{[/v1/R_Call/PlsPointAlarm],methods=[POST]}" onto public com.telezone.model.Result com.telezone.controller.InfoController.Call(java.lang.String)
2018-12-10 11:27:16.917  INFO 156092 --- [main] s.w.s.m.m.a.RequestMappingHandlerMapping : Mapped "{[/error]}" onto public org.springframework.http.ResponseEntity<java.util.Map<java.lang.String, java.lang.Object>> org.springframework.boot.autoconfigure.web.BasicErrorController.error(javax.servlet.http.HttpServletRequest)
2018-12-10 11:27:16.918  INFO 156092 --- [main] s.w.s.m.m.a.RequestMappingHandlerMapping : Mapped "{[/error],produces=[text/html]}" onto public org.springframework.web.servlet.ModelAndView org.springframework.boot.autoconfigure.web.BasicErrorController.errorHtml(javax.servlet.http.HttpServletRequest,javax.servlet.http.HttpServletResponse)
2018-12-10 11:27:16.970  INFO 156092 --- [main] o.s.w.s.handler.SimpleUrlHandlerMapping  : Mapped URL path [/webjars/**] onto handler of type [class org.springframework.web.servlet.resource.ResourceHttpRequestHandler]
2018-12-10 11:27:16.971  INFO 156092 --- [main] o.s.w.s.handler.SimpleUrlHandlerMapping  : Mapped URL path [/**] onto handler of type [class org.springframework.web.servlet.resource.ResourceHttpRequestHandler]
2018-12-10 11:27:17.041  INFO 156092 --- [main] o.s.w.s.handler.SimpleUrlHandlerMapping  : Mapped URL path [/**/favicon.ico] onto handler of type [class org.springframework.web.servlet.resource.ResourceHttpRequestHandler]
2018-12-10 11:27:17.606  INFO 156092 --- [main] o.s.j.e.a.AnnotationMBeanExporter        : Registering beans for JMX exposure on startup
2018-12-10 11:27:17.697  INFO 156092 --- [main] s.b.c.e.t.TomcatEmbeddedServletContainer : Tomcat started on port(s): 8099 (http)
2018-12-10 11:27:17.705  INFO 156092 --- [main] com.telezone.InfoInterfaceApplication    : Started InfoInterfaceApplication in 8.847 seconds (JVM running for 10.848)
2018-12-10 11:27:30.809  INFO 156092 --- [http-nio-8099-exec-2] o.a.c.c.C.[Tomcat].[localhost].[/]       : Initializing Spring FrameworkServlet 'dispatcherServlet'
2018-12-10 11:27:30.810  INFO 156092 --- [http-nio-8099-exec-2] o.s.web.servlet.DispatcherServlet        : FrameworkServlet 'dispatcherServlet': initialization started
2018-12-10 11:27:30.852  INFO 156092 --- [http-nio-8099-exec-2] o.s.web.servlet.DispatcherServlet        : FrameworkServlet 'dispatcherServlet': initialization completed in 42 ms
2018-12-10 11:27:30.922  INFO 156092 --- [http-nio-8099-exec-2] com.telezone.controller.InfoController   : call-str:{"PointInfo":[{"Id":"10302","Type":1,"CallType":1,"CallPersonDefType":4,"fzhList":"15","CallTime":"2018-11-30 19:56:11"}]}
2018-12-10 11:28:10.962  INFO 156092 --- [http-nio-8099-exec-4] com.telezone.controller.InfoController   : call-str:{"PointInfo":[{"Id":"10302","Type":1,"CallType":1,"CallPersonDefType":4,"fzhList":"15","CallTime":"2018-11-30 19:56:11"}]}
